<?xml version="1.0" encoding="UTF-8"?>
<testng-results ignored="0" total="1" passed="1" failed="0" skipped="0">
  <reporter-output>
  </reporter-output>
  <suite started-at="2021-01-08T12:06:25 EST" name="Default suite" finished-at="2021-01-08T12:06:28 EST" duration-ms="3097">
    <groups>
    </groups>
    <test started-at="2021-01-08T12:06:25 EST" name="Default test" finished-at="2021-01-08T12:06:28 EST" duration-ms="3097">
      <class name="com.api.GetAPI">
        <test-method signature="MyOrange()[pri:0, instance:com.api.GetAPI@c03cf28]" started-at="2021-01-08T12:06:25 EST" name="MyOrange" finished-at="2021-01-08T12:06:28 EST" duration-ms="3044" status="PASS">
          <reporter-output>
          </reporter-output>
        </test-method> <!-- MyOrange -->
      </class> <!-- com.api.GetAPI -->
    </test> <!-- Default test -->
  </suite> <!-- Default suite -->
</testng-results>
